<?xml version="1.0" encoding="UTF-8"?>
<!-- Generated by org.testng.reporters.JUnitReportReporter -->
<testsuite hostname="LAPTOP-5D4Q2ADB" failures="0" tests="5" name="test.Balancing_Page_Tests" time="9.489" errors="0" timestamp="2020-10-06T14:47:06 IST" skipped="0">
  <testcase classname="test.Balancing_Page_Tests" name="OpenbalancingPageAndClickDisBad" time="2.362"/>
  <system-out/>
  <testcase classname="test.Balancing_Page_Tests" name="OpenbalancingPageAndClickDisBad" time="1.582"/>
  <system-out/>
  <testcase classname="test.Balancing_Page_Tests" name="OpenbalancingPageAndClickDisBad" time="1.450"/>
  <system-out/>
  <testcase classname="test.Balancing_Page_Tests" name="OpenbalancingPageAndClickDisBad" time="2.408"/>
  <system-out/>
  <testcase classname="test.Balancing_Page_Tests" name="OpenbalancingPageAndClickDisBad" time="1.687"/>
  <system-out/>
</testsuite> <!-- test.Balancing_Page_Tests -->
