<?xml version="1.0" encoding="UTF-8"?>
<!-- Generated by org.testng.reporters.JUnitReportReporter -->
<testsuite hostname="LAPTOP-5D4Q2ADB" failures="0" tests="1" name="test.Balancing_Page_Tests" time="6.508" errors="0" timestamp="2020-10-02T16:35:53 IST" skipped="0">
  <testcase classname="test.Balancing_Page_Tests" name="OpenbalancingPageAndClickDisBad" time="6.508"/>
  <system-out/>
</testsuite> <!-- test.Balancing_Page_Tests -->
