<?xml version="1.0" encoding="UTF-8"?>
<!-- Generated by org.testng.reporters.JUnitReportReporter -->
<testsuite hostname="LAPTOP-5D4Q2ADB" failures="0" tests="1" name="test.Disbsad_Page_Test" time="37.807" errors="0" timestamp="2020-10-03T16:52:51 IST" skipped="0">
  <testcase classname="test.Disbsad_Page_Test" name="OpenDisBsadAndViewTable" time="37.807"/>
  <system-out/>
</testsuite> <!-- test.Disbsad_Page_Test -->
